<?xml version="1.0" encoding="UTF-8"?>
<!-- Generated by org.testng.reporters.JUnitXMLReporter -->
<testsuite ignored="0" hostname="C02F614VML7H" failures="0" tests="4" name="Today App demo Test" time="214.034" errors="0" timestamp="30 Dec 2021 11:22:28 GMT">
  <testcase classname="cucumber.api.testng.AbstractTestNGCucumberTests" name="feature" time="39.631"/>
  <testcase classname="cucumber.api.testng.AbstractTestNGCucumberTests" name="feature" time="40.168"/>
  <testcase classname="cucumber.api.testng.AbstractTestNGCucumberTests" name="feature" time="86.132"/>
  <testcase classname="cucumber.api.testng.AbstractTestNGCucumberTests" name="feature" time="46.907"/>
</testsuite> <!-- Today App demo Test -->
