<?xml version="1.0" encoding="UTF-8"?>
<!-- Generated by org.testng.reporters.JUnitXMLReporter -->
<testsuite ignored="0" hostname="C02F614VML7H" failures="0" tests="2" name="Today App demo Test" time="94.525" errors="0" timestamp="29 Dec 2021 10:13:19 GMT">
  <testcase classname="cucumber.api.testng.AbstractTestNGCucumberTests" name="feature" time="22.894"/>
  <testcase classname="cucumber.api.testng.AbstractTestNGCucumberTests" name="feature" time="55.354"/>
</testsuite> <!-- Today App demo Test -->
