<?xml version="1.0" encoding="UTF-8"?>
<testng-results ignored="0" total="4" passed="4" failed="0" skipped="0">
  <reporter-output>
  </reporter-output>
  <suite started-at="2021-12-30T11:18:54Z" name="demo_suite" finished-at="2021-12-30T11:22:28Z" duration-ms="214034">
    <groups>
      <group name="cucumber">
        <method signature="AbstractTestNGCucumberTests.feature(cucumber.api.testng.CucumberFeatureWrapper)[pri:0, instance:com.todayapp.runners.SmokeRunner@757277dc]" name="feature" class="cucumber.api.testng.AbstractTestNGCucumberTests"/>
      </group> <!-- cucumber -->
    </groups>
    <test started-at="2021-12-30T11:18:54Z" name="Today App demo Test" finished-at="2021-12-30T11:22:28Z" duration-ms="214034">
      <class name="com.todayapp.runners.SmokeRunner">
        <test-method is-config="true" signature="setUpClass()[pri:0, instance:com.todayapp.runners.SmokeRunner@757277dc]" started-at="2021-12-30T16:48:54Z" name="setUpClass" finished-at="2021-12-30T16:48:54Z" duration-ms="222" status="PASS">
          <reporter-output>
          </reporter-output>
        </test-method> <!-- setUpClass -->
        <test-method signature="feature(cucumber.api.testng.CucumberFeatureWrapper)[pri:0, instance:com.todayapp.runners.SmokeRunner@757277dc]" started-at="2021-12-30T16:48:54Z" name="feature" description="Runs Cucumber Feature" data-provider="features" finished-at="2021-12-30T16:49:34Z" duration-ms="39631" status="PASS">
          <params>
            <param index="0">
              <value>
                <![CDATA[Article Landing Page]]>
              </value>
            </param>
          </params>
          <reporter-output>
          </reporter-output>
        </test-method> <!-- feature -->
        <test-method signature="feature(cucumber.api.testng.CucumberFeatureWrapper)[pri:0, instance:com.todayapp.runners.SmokeRunner@757277dc]" started-at="2021-12-30T16:49:34Z" name="feature" description="Runs Cucumber Feature" data-provider="features" finished-at="2021-12-30T16:50:14Z" duration-ms="40168" status="PASS">
          <params>
            <param index="0">
              <value>
                <![CDATA[Today App Search functionality]]>
              </value>
            </param>
          </params>
          <reporter-output>
          </reporter-output>
        </test-method> <!-- feature -->
        <test-method signature="feature(cucumber.api.testng.CucumberFeatureWrapper)[pri:0, instance:com.todayapp.runners.SmokeRunner@757277dc]" started-at="2021-12-30T16:50:14Z" name="feature" description="Runs Cucumber Feature" data-provider="features" finished-at="2021-12-30T16:51:40Z" duration-ms="86132" status="PASS">
          <params>
            <param index="0">
              <value>
                <![CDATA[Today App Home Feature]]>
              </value>
            </param>
          </params>
          <reporter-output>
          </reporter-output>
        </test-method> <!-- feature -->
        <test-method signature="feature(cucumber.api.testng.CucumberFeatureWrapper)[pri:0, instance:com.todayapp.runners.SmokeRunner@757277dc]" started-at="2021-12-30T16:51:40Z" name="feature" description="Runs Cucumber Feature" data-provider="features" finished-at="2021-12-30T16:52:27Z" duration-ms="46907" status="PASS">
          <params>
            <param index="0">
              <value>
                <![CDATA[Watch feature]]>
              </value>
            </param>
          </params>
          <reporter-output>
          </reporter-output>
        </test-method> <!-- feature -->
        <test-method is-config="true" signature="setup()[pri:0, instance:com.todayapp.runners.SmokeRunner@757277dc]" started-at="2021-12-30T16:52:27Z" name="setup" finished-at="2021-12-30T16:52:27Z" duration-ms="45" status="PASS">
          <reporter-output>
          </reporter-output>
        </test-method> <!-- setup -->
        <test-method is-config="true" signature="tearDownClass()[pri:0, instance:com.todayapp.runners.SmokeRunner@757277dc]" started-at="2021-12-30T16:52:27Z" name="tearDownClass" finished-at="2021-12-30T16:52:28Z" duration-ms="816" status="PASS">
          <reporter-output>
          </reporter-output>
        </test-method> <!-- tearDownClass -->
      </class> <!-- com.todayapp.runners.SmokeRunner -->
    </test> <!-- Today App demo Test -->
  </suite> <!-- demo_suite -->
</testng-results>
