<?xml version="1.0" encoding="UTF-8"?>
<testng-results ignored="0" total="2" passed="2" failed="0" skipped="0">
  <reporter-output>
  </reporter-output>
  <suite started-at="2021-12-29T10:11:45Z" name="demo_suite" finished-at="2021-12-29T10:13:19Z" duration-ms="94525">
    <groups>
      <group name="cucumber">
        <method signature="AbstractTestNGCucumberTests.feature(cucumber.api.testng.CucumberFeatureWrapper)[pri:0, instance:com.todayapp.runners.SmokeRunner@687e99d8]" name="feature" class="cucumber.api.testng.AbstractTestNGCucumberTests"/>
      </group> <!-- cucumber -->
    </groups>
    <test started-at="2021-12-29T10:11:45Z" name="Today App demo Test" finished-at="2021-12-29T10:13:19Z" duration-ms="94525">
      <class name="com.todayapp.runners.SmokeRunner">
        <test-method is-config="true" signature="setUpClass()[pri:0, instance:com.todayapp.runners.SmokeRunner@687e99d8]" started-at="2021-12-29T15:41:45Z" name="setUpClass" finished-at="2021-12-29T15:41:45Z" duration-ms="399" status="PASS">
          <reporter-output>
          </reporter-output>
        </test-method> <!-- setUpClass -->
        <test-method is-config="true" signature="launchApp()[pri:0, instance:com.todayapp.runners.SmokeRunner@687e99d8]" started-at="2021-12-29T15:41:45Z" name="launchApp" finished-at="2021-12-29T15:42:00Z" duration-ms="14739" status="PASS">
          <reporter-output>
          </reporter-output>
        </test-method> <!-- launchApp -->
        <test-method signature="feature(cucumber.api.testng.CucumberFeatureWrapper)[pri:0, instance:com.todayapp.runners.SmokeRunner@687e99d8]" started-at="2021-12-29T15:42:00Z" name="feature" description="Runs Cucumber Feature" data-provider="features" finished-at="2021-12-29T15:42:23Z" duration-ms="22894" status="PASS">
          <params>
            <param index="0">
              <value>
                <![CDATA[Today App Search functionality]]>
              </value>
            </param>
          </params>
          <reporter-output>
          </reporter-output>
        </test-method> <!-- feature -->
        <test-method signature="feature(cucumber.api.testng.CucumberFeatureWrapper)[pri:0, instance:com.todayapp.runners.SmokeRunner@687e99d8]" started-at="2021-12-29T15:42:23Z" name="feature" description="Runs Cucumber Feature" data-provider="features" finished-at="2021-12-29T15:43:18Z" duration-ms="55354" status="PASS">
          <params>
            <param index="0">
              <value>
                <![CDATA[Today App Home Feature]]>
              </value>
            </param>
          </params>
          <reporter-output>
          </reporter-output>
        </test-method> <!-- feature -->
        <test-method is-config="true" signature="setup()[pri:0, instance:com.todayapp.runners.SmokeRunner@687e99d8]" started-at="2021-12-29T15:43:18Z" name="setup" finished-at="2021-12-29T15:43:18Z" duration-ms="43" status="PASS">
          <reporter-output>
          </reporter-output>
        </test-method> <!-- setup -->
        <test-method is-config="true" signature="tearDownClass()[pri:0, instance:com.todayapp.runners.SmokeRunner@687e99d8]" started-at="2021-12-29T15:43:18Z" name="tearDownClass" finished-at="2021-12-29T15:43:19Z" duration-ms="925" status="PASS">
          <reporter-output>
          </reporter-output>
        </test-method> <!-- tearDownClass -->
      </class> <!-- com.todayapp.runners.SmokeRunner -->
    </test> <!-- Today App demo Test -->
  </suite> <!-- demo_suite -->
</testng-results>
